-------------------------------------------------------------------------------
Test set: TestSuite
-------------------------------------------------------------------------------
Tests run: 7, Failures: 1, Errors: 0, Skipped: 0, Time elapsed: 71.127 sec <<< FAILURE! - in TestSuite
Test(com.testClasses.TC_003_VerifyCountIsCorrect_DataDriven)  Time elapsed: 1.685 sec  <<< FAILURE!
java.lang.AssertionError: expected [true] but found [false]
	at org.testng.Assert.fail(Assert.java:99)
	at org.testng.Assert.failNotEquals(Assert.java:1037)
	at org.testng.Assert.assertTrue(Assert.java:45)
	at org.testng.Assert.assertTrue(Assert.java:55)
	at com.testClasses.TC_003_VerifyCountIsCorrect_DataDriven.Test(TC_003_VerifyCountIsCorrect_DataDriven.java:24)

