<?xml version="1.0" encoding="UTF-8"?>
<testng-results ignored="1" total="8" passed="6" failed="1" skipped="0">
  <reporter-output>
  </reporter-output>
  <suite started-at="2021-03-05T19:04:36 IST" name="MyAutomationSuit" finished-at="2021-03-05T19:05:45 IST" duration-ms="69149">
    <groups>
    </groups>
    <test started-at="2021-03-05T19:04:36 IST" name="VerifyCounterTitle" finished-at="2021-03-05T19:04:48 IST" duration-ms="11805">
      <class name="com.testClasses.TC_001_VerifyAppTitle">
        <test-method is-config="true" signature="setup(java.lang.String)[pri:0, instance:com.testClasses.TC_001_VerifyAppTitle@214b199c]" started-at="2021-03-05T19:04:36 IST" name="setup" finished-at="2021-03-05T19:04:44 IST" duration-ms="8047" status="PASS">
          <params>
            <param index="0">
              <value>
                <![CDATA[chrome]]>
              </value>
            </param>
          </params>
          <reporter-output>
          </reporter-output>
        </test-method> <!-- setup -->
        <test-method signature="loginTest()[pri:0, instance:com.testClasses.TC_001_VerifyAppTitle@214b199c]" started-at="2021-03-05T19:04:44 IST" name="loginTest" finished-at="2021-03-05T19:04:46 IST" duration-ms="1961" status="PASS">
          <reporter-output>
          </reporter-output>
        </test-method> <!-- loginTest -->
        <test-method is-config="true" signature="tearDown()[pri:0, instance:com.testClasses.TC_001_VerifyAppTitle@214b199c]" started-at="2021-03-05T19:04:46 IST" name="tearDown" finished-at="2021-03-05T19:04:48 IST" duration-ms="1697" status="PASS">
          <reporter-output>
          </reporter-output>
        </test-method> <!-- tearDown -->
      </class> <!-- com.testClasses.TC_001_VerifyAppTitle -->
    </test> <!-- VerifyCounterTitle -->
    <test started-at="2021-03-05T19:04:48 IST" name="VerifyCounterFunctionality" finished-at="2021-03-05T19:05:45 IST" duration-ms="57270">
      <class name="com.testClasses.TC_002_VerifyCounterWorks">
        <test-method is-config="true" signature="suitStartSetup()[pri:0, instance:com.testClasses.TC_002_VerifyCounterWorks@6ab7a896]" started-at="2021-03-05T19:04:35 IST" name="suitStartSetup" finished-at="2021-03-05T19:04:36 IST" duration-ms="576" status="PASS">
          <reporter-output>
          </reporter-output>
        </test-method> <!-- suitStartSetup -->
        <test-method is-config="true" signature="setup(java.lang.String)[pri:0, instance:com.testClasses.TC_002_VerifyCounterWorks@6ab7a896]" started-at="2021-03-05T19:04:48 IST" name="setup" finished-at="2021-03-05T19:04:55 IST" duration-ms="7528" status="PASS">
          <params>
            <param index="0">
              <value>
                <![CDATA[chrome]]>
              </value>
            </param>
          </params>
          <reporter-output>
          </reporter-output>
        </test-method> <!-- setup -->
        <test-method signature="counterTest()[pri:0, instance:com.testClasses.TC_002_VerifyCounterWorks@6ab7a896]" started-at="2021-03-05T19:04:55 IST" name="counterTest" finished-at="2021-03-05T19:04:57 IST" duration-ms="1443" status="PASS">
          <reporter-output>
          </reporter-output>
        </test-method> <!-- counterTest -->
        <test-method is-config="true" signature="tearDown()[pri:0, instance:com.testClasses.TC_002_VerifyCounterWorks@6ab7a896]" started-at="2021-03-05T19:04:57 IST" name="tearDown" finished-at="2021-03-05T19:04:58 IST" duration-ms="1147" status="PASS">
          <reporter-output>
          </reporter-output>
        </test-method> <!-- tearDown -->
      </class> <!-- com.testClasses.TC_002_VerifyCounterWorks -->
      <class name="com.testClasses.TC_003_VerifyCountIsCorrect_DataDriven">
        <test-method is-config="true" signature="setup(java.lang.String)[pri:0, instance:com.testClasses.TC_003_VerifyCountIsCorrect_DataDriven@327b636c]" started-at="2021-03-05T19:05:00 IST" name="setup" finished-at="2021-03-05T19:05:09 IST" duration-ms="8384" status="PASS">
          <params>
            <param index="0">
              <value>
                <![CDATA[chrome]]>
              </value>
            </param>
          </params>
          <reporter-output>
          </reporter-output>
        </test-method> <!-- setup -->
        <test-method signature="Test(java.lang.String, java.lang.String)[pri:0, instance:com.testClasses.TC_003_VerifyCountIsCorrect_DataDriven@327b636c]" started-at="2021-03-05T19:05:09 IST" name="Test" data-provider="countTestData" finished-at="2021-03-05T19:05:10 IST" duration-ms="1428" status="PASS">
          <params>
            <param index="0">
              <value>
                <![CDATA[1]]>
              </value>
            </param>
            <param index="1">
              <value>
                <![CDATA[1]]>
              </value>
            </param>
          </params>
          <reporter-output>
          </reporter-output>
        </test-method> <!-- Test -->
        <test-method is-config="true" signature="tearDown()[pri:0, instance:com.testClasses.TC_003_VerifyCountIsCorrect_DataDriven@327b636c]" started-at="2021-03-05T19:05:10 IST" name="tearDown" finished-at="2021-03-05T19:05:11 IST" duration-ms="1090" status="PASS">
          <reporter-output>
          </reporter-output>
        </test-method> <!-- tearDown -->
        <test-method is-config="true" signature="setup(java.lang.String)[pri:0, instance:com.testClasses.TC_003_VerifyCountIsCorrect_DataDriven@327b636c]" started-at="2021-03-05T19:05:11 IST" name="setup" finished-at="2021-03-05T19:05:17 IST" duration-ms="6059" status="PASS">
          <params>
            <param index="0">
              <value>
                <![CDATA[chrome]]>
              </value>
            </param>
          </params>
          <reporter-output>
          </reporter-output>
        </test-method> <!-- setup -->
        <test-method signature="Test(java.lang.String, java.lang.String)[pri:0, instance:com.testClasses.TC_003_VerifyCountIsCorrect_DataDriven@327b636c]" started-at="2021-03-05T19:05:17 IST" name="Test" data-provider="countTestData" finished-at="2021-03-05T19:05:19 IST" duration-ms="1292" status="PASS">
          <params>
            <param index="0">
              <value>
                <![CDATA[2]]>
              </value>
            </param>
            <param index="1">
              <value>
                <![CDATA[2]]>
              </value>
            </param>
          </params>
          <reporter-output>
          </reporter-output>
        </test-method> <!-- Test -->
        <test-method is-config="true" signature="tearDown()[pri:0, instance:com.testClasses.TC_003_VerifyCountIsCorrect_DataDriven@327b636c]" started-at="2021-03-05T19:05:19 IST" name="tearDown" finished-at="2021-03-05T19:05:20 IST" duration-ms="942" status="PASS">
          <reporter-output>
          </reporter-output>
        </test-method> <!-- tearDown -->
        <test-method is-config="true" signature="setup(java.lang.String)[pri:0, instance:com.testClasses.TC_003_VerifyCountIsCorrect_DataDriven@327b636c]" started-at="2021-03-05T19:05:20 IST" name="setup" finished-at="2021-03-05T19:05:25 IST" duration-ms="5665" status="PASS">
          <params>
            <param index="0">
              <value>
                <![CDATA[chrome]]>
              </value>
            </param>
          </params>
          <reporter-output>
          </reporter-output>
        </test-method> <!-- setup -->
        <test-method signature="Test(java.lang.String, java.lang.String)[pri:0, instance:com.testClasses.TC_003_VerifyCountIsCorrect_DataDriven@327b636c]" started-at="2021-03-05T19:05:25 IST" name="Test" data-provider="countTestData" finished-at="2021-03-05T19:05:26 IST" duration-ms="1195" status="PASS">
          <params>
            <param index="0">
              <value>
                <![CDATA[3]]>
              </value>
            </param>
            <param index="1">
              <value>
                <![CDATA[3]]>
              </value>
            </param>
          </params>
          <reporter-output>
          </reporter-output>
        </test-method> <!-- Test -->
        <test-method is-config="true" signature="tearDown()[pri:0, instance:com.testClasses.TC_003_VerifyCountIsCorrect_DataDriven@327b636c]" started-at="2021-03-05T19:05:26 IST" name="tearDown" finished-at="2021-03-05T19:05:27 IST" duration-ms="915" status="PASS">
          <reporter-output>
          </reporter-output>
        </test-method> <!-- tearDown -->
        <test-method is-config="true" signature="setup(java.lang.String)[pri:0, instance:com.testClasses.TC_003_VerifyCountIsCorrect_DataDriven@327b636c]" started-at="2021-03-05T19:05:27 IST" name="setup" finished-at="2021-03-05T19:05:33 IST" duration-ms="5964" status="PASS">
          <params>
            <param index="0">
              <value>
                <![CDATA[chrome]]>
              </value>
            </param>
          </params>
          <reporter-output>
          </reporter-output>
        </test-method> <!-- setup -->
        <test-method signature="Test(java.lang.String, java.lang.String)[pri:0, instance:com.testClasses.TC_003_VerifyCountIsCorrect_DataDriven@327b636c]" started-at="2021-03-05T19:05:33 IST" name="Test" data-provider="countTestData" finished-at="2021-03-05T19:05:35 IST" duration-ms="1352" status="FAIL">
          <params>
            <param index="0">
              <value>
                <![CDATA[4]]>
              </value>
            </param>
            <param index="1">
              <value>
                <![CDATA[5]]>
              </value>
            </param>
          </params>
          <exception class="java.lang.AssertionError">
            <message>
              <![CDATA[expected [true] but found [false]]]>
            </message>
            <full-stacktrace>
              <![CDATA[java.lang.AssertionError: expected [true] but found [false]
at org.testng.Assert.fail(Assert.java:99)
at org.testng.Assert.failNotEquals(Assert.java:1037)
at org.testng.Assert.assertTrue(Assert.java:45)
at org.testng.Assert.assertTrue(Assert.java:55)
at com.testClasses.TC_003_VerifyCountIsCorrect_DataDriven.Test(TC_003_VerifyCountIsCorrect_DataDriven.java:24)
at java.base/jdk.internal.reflect.NativeMethodAccessorImpl.invoke0(Native Method)
at java.base/jdk.internal.reflect.NativeMethodAccessorImpl.invoke(NativeMethodAccessorImpl.java:64)
at java.base/jdk.internal.reflect.DelegatingMethodAccessorImpl.invoke(DelegatingMethodAccessorImpl.java:43)
at java.base/java.lang.reflect.Method.invoke(Method.java:564)
at org.testng.internal.MethodInvocationHelper.invokeMethod(MethodInvocationHelper.java:132)
at org.testng.internal.TestInvoker.invokeMethod(TestInvoker.java:599)
at org.testng.internal.TestInvoker.invokeTestMethod(TestInvoker.java:174)
at org.testng.internal.MethodRunner.runInSequence(MethodRunner.java:46)
at org.testng.internal.TestInvoker$MethodInvocationAgent.invoke(TestInvoker.java:822)
at org.testng.internal.TestInvoker.invokeTestMethods(TestInvoker.java:147)
at org.testng.internal.TestMethodWorker.invokeTestMethods(TestMethodWorker.java:146)
at org.testng.internal.TestMethodWorker.run(TestMethodWorker.java:128)
at java.base/java.util.ArrayList.forEach(ArrayList.java:1511)
at org.testng.TestRunner.privateRun(TestRunner.java:764)
at org.testng.TestRunner.run(TestRunner.java:585)
at org.testng.SuiteRunner.runTest(SuiteRunner.java:384)
at org.testng.SuiteRunner.runSequentially(SuiteRunner.java:378)
at org.testng.SuiteRunner.privateRun(SuiteRunner.java:337)
at org.testng.SuiteRunner.run(SuiteRunner.java:286)
at org.testng.SuiteRunnerWorker.runSuite(SuiteRunnerWorker.java:53)
at org.testng.SuiteRunnerWorker.run(SuiteRunnerWorker.java:96)
at org.testng.TestNG.runSuitesSequentially(TestNG.java:1218)
at org.testng.TestNG.runSuitesLocally(TestNG.java:1140)
at org.testng.TestNG.runSuites(TestNG.java:1069)
at org.testng.TestNG.run(TestNG.java:1037)
at org.apache.maven.surefire.testng.TestNGExecutor.run(TestNGExecutor.java:295)
at org.apache.maven.surefire.testng.TestNGXmlTestSuite.execute(TestNGXmlTestSuite.java:84)
at org.apache.maven.surefire.testng.TestNGProvider.invoke(TestNGProvider.java:90)
at org.apache.maven.surefire.booter.ForkedBooter.invokeProviderInSameClassLoader(ForkedBooter.java:203)
at org.apache.maven.surefire.booter.ForkedBooter.runSuitesInProcess(ForkedBooter.java:155)
at org.apache.maven.surefire.booter.ForkedBooter.main(ForkedBooter.java:103)
]]>
            </full-stacktrace>
          </exception> <!-- java.lang.AssertionError -->
          <reporter-output>
          </reporter-output>
        </test-method> <!-- Test -->
        <test-method is-config="true" signature="tearDown()[pri:0, instance:com.testClasses.TC_003_VerifyCountIsCorrect_DataDriven@327b636c]" started-at="2021-03-05T19:05:35 IST" name="tearDown" finished-at="2021-03-05T19:05:36 IST" duration-ms="941" status="PASS">
          <reporter-output>
          </reporter-output>
        </test-method> <!-- tearDown -->
        <test-method is-config="true" signature="setup(java.lang.String)[pri:0, instance:com.testClasses.TC_003_VerifyCountIsCorrect_DataDriven@327b636c]" started-at="2021-03-05T19:05:36 IST" name="setup" finished-at="2021-03-05T19:05:42 IST" duration-ms="6429" status="PASS">
          <params>
            <param index="0">
              <value>
                <![CDATA[chrome]]>
              </value>
            </param>
          </params>
          <reporter-output>
          </reporter-output>
        </test-method> <!-- setup -->
        <test-method signature="Test(java.lang.String, java.lang.String)[pri:0, instance:com.testClasses.TC_003_VerifyCountIsCorrect_DataDriven@327b636c]" started-at="2021-03-05T19:05:42 IST" name="Test" data-provider="countTestData" finished-at="2021-03-05T19:05:44 IST" duration-ms="1650" status="PASS">
          <params>
            <param index="0">
              <value>
                <![CDATA[20]]>
              </value>
            </param>
            <param index="1">
              <value>
                <![CDATA[20]]>
              </value>
            </param>
          </params>
          <reporter-output>
          </reporter-output>
        </test-method> <!-- Test -->
        <test-method is-config="true" signature="tearDown()[pri:0, instance:com.testClasses.TC_003_VerifyCountIsCorrect_DataDriven@327b636c]" started-at="2021-03-05T19:05:44 IST" name="tearDown" finished-at="2021-03-05T19:05:45 IST" duration-ms="993" status="PASS">
          <reporter-output>
          </reporter-output>
        </test-method> <!-- tearDown -->
      </class> <!-- com.testClasses.TC_003_VerifyCountIsCorrect_DataDriven -->
    </test> <!-- VerifyCounterFunctionality -->
  </suite> <!-- MyAutomationSuit -->
</testng-results>
